This is pdfTeX, Version 3.14159265-2.6-1.40.21 (TeX Live 2020) (preloaded format=pdflatex 2021.2.14)  17 FEB 2021 12:50
entering extended mode
 restricted \write18 enabled.
 %&-line parsing enabled.
**dbook1.tex
(./dbook1.tex
LaTeX2e <2020-10-01> patch level 4
L3 programming layer <2021-02-06> (/Users/buurensv/Library/TinyTeX/texmf-dist/t
ex/latex/base/book.cls
Document Class: book 2020/04/10 v1.4m Standard LaTeX document class
(/Users/buurensv/Library/TinyTeX/texmf-dist/tex/latex/base/bk10.clo
File: bk10.clo 2020/04/10 v1.4m Standard LaTeX file (size option)
)
\c@part=\count177
\c@chapter=\count178
\c@section=\count179
\c@subsection=\count180
\c@subsubsection=\count181
\c@paragraph=\count182
\c@subparagraph=\count183
\c@figure=\count184
\c@table=\count185
\abovecaptionskip=\skip47
\belowcaptionskip=\skip48
\bibindent=\dimen138
) (/Users/buurensv/Library/TinyTeX/texmf-dist/tex/latex/lm/lmodern.sty
Package: lmodern 2009/10/30 v1.6 Latin Modern Fonts
LaTeX Font Info:    Overwriting symbol font `operators' in version `normal'
(Font)                  OT1/cmr/m/n --> OT1/lmr/m/n on input line 22.
LaTeX Font Info:    Overwriting symbol font `letters' in version `normal'
(Font)                  OML/cmm/m/it --> OML/lmm/m/it on input line 23.
LaTeX Font Info:    Overwriting symbol font `symbols' in version `normal'
(Font)                  OMS/cmsy/m/n --> OMS/lmsy/m/n on input line 24.
LaTeX Font Info:    Overwriting symbol font `largesymbols' in version `normal'
(Font)                  OMX/cmex/m/n --> OMX/lmex/m/n on input line 25.
LaTeX Font Info:    Overwriting symbol font `operators' in version `bold'
(Font)                  OT1/cmr/bx/n --> OT1/lmr/bx/n on input line 26.
LaTeX Font Info:    Overwriting symbol font `letters' in version `bold'
(Font)                  OML/cmm/b/it --> OML/lmm/b/it on input line 27.
LaTeX Font Info:    Overwriting symbol font `symbols' in version `bold'
(Font)                  OMS/cmsy/b/n --> OMS/lmsy/b/n on input line 28.
LaTeX Font Info:    Overwriting symbol font `largesymbols' in version `bold'
(Font)                  OMX/cmex/m/n --> OMX/lmex/m/n on input line 29.
LaTeX Font Info:    Overwriting math alphabet `\mathbf' in version `normal'
(Font)                  OT1/cmr/bx/n --> OT1/lmr/bx/n on input line 31.
LaTeX Font Info:    Overwriting math alphabet `\mathsf' in version `normal'
(Font)                  OT1/cmss/m/n --> OT1/lmss/m/n on input line 32.
LaTeX Font Info:    Overwriting math alphabet `\mathit' in version `normal'
(Font)                  OT1/cmr/m/it --> OT1/lmr/m/it on input line 33.
LaTeX Font Info:    Overwriting math alphabet `\mathtt' in version `normal'
(Font)                  OT1/cmtt/m/n --> OT1/lmtt/m/n on input line 34.
LaTeX Font Info:    Overwriting math alphabet `\mathbf' in version `bold'
(Font)                  OT1/cmr/bx/n --> OT1/lmr/bx/n on input line 35.
LaTeX Font Info:    Overwriting math alphabet `\mathsf' in version `bold'
(Font)                  OT1/cmss/bx/n --> OT1/lmss/bx/n on input line 36.
LaTeX Font Info:    Overwriting math alphabet `\mathit' in version `bold'
(Font)                  OT1/cmr/bx/it --> OT1/lmr/bx/it on input line 37.
LaTeX Font Info:    Overwriting math alphabet `\mathtt' in version `bold'
(Font)                  OT1/cmtt/m/n --> OT1/lmtt/m/n on input line 38.
) (/Users/buurensv/Library/TinyTeX/texmf-dist/tex/latex/amsmath/amsmath.sty
Package: amsmath 2020/09/23 v2.17i AMS math features
\@mathmargin=\skip49
For additional information on amsmath, use the `?' option.
(/Users/buurensv/Library/TinyTeX/texmf-dist/tex/latex/amsmath/amstext.sty
Package: amstext 2000/06/29 v2.01 AMS text
(/Users/buurensv/Library/TinyTeX/texmf-dist/tex/latex/amsmath/amsgen.sty
File: amsgen.sty 1999/11/30 v2.0 generic functions
\@emptytoks=\toks15
\ex@=\dimen139
)) (/Users/buurensv/Library/TinyTeX/texmf-dist/tex/latex/amsmath/amsbsy.sty
Package: amsbsy 1999/11/29 v1.2d Bold Symbols
\pmbraise@=\dimen140
) (/Users/buurensv/Library/TinyTeX/texmf-dist/tex/latex/amsmath/amsopn.sty
Package: amsopn 2016/03/08 v2.02 operator names
)
\inf@bad=\count186
LaTeX Info: Redefining \frac on input line 234.
\uproot@=\count187
\leftroot@=\count188
LaTeX Info: Redefining \overline on input line 399.
\classnum@=\count189
\DOTSCASE@=\count190
LaTeX Info: Redefining \ldots on input line 496.
LaTeX Info: Redefining \dots on input line 499.
LaTeX Info: Redefining \cdots on input line 620.
\Mathstrutbox@=\box47
\strutbox@=\box48
\big@size=\dimen141
LaTeX Font Info:    Redeclaring font encoding OML on input line 743.
LaTeX Font Info:    Redeclaring font encoding OMS on input line 744.
\macc@depth=\count191
\c@MaxMatrixCols=\count192
\dotsspace@=\muskip16
\c@parentequation=\count193
\dspbrk@lvl=\count194
\tag@help=\toks16
\row@=\count195
\column@=\count196
\maxfields@=\count197
\andhelp@=\toks17
\eqnshift@=\dimen142
\alignsep@=\dimen143
\tagshift@=\dimen144
\tagwidth@=\dimen145
\totwidth@=\dimen146
\lineht@=\dimen147
\@envbody=\toks18
\multlinegap=\skip50
\multlinetaggap=\skip51
\mathdisplay@stack=\toks19
LaTeX Info: Redefining \[ on input line 2923.
LaTeX Info: Redefining \] on input line 2924.
) (/Users/buurensv/Library/TinyTeX/texmf-dist/tex/generic/iftex/ifxetex.sty
Package: ifxetex 2019/10/25 v0.7 ifxetex legacy package. Use iftex instead.
(/Users/buurensv/Library/TinyTeX/texmf-dist/tex/generic/iftex/iftex.sty
Package: iftex 2020/03/06 v1.0d TeX engine tests
)) (/Users/buurensv/Library/TinyTeX/texmf-dist/tex/generic/iftex/ifluatex.sty
Package: ifluatex 2019/10/25 v1.5 ifluatex legacy package. Use iftex instead.
) (/Users/buurensv/Library/TinyTeX/texmf-dist/tex/latex/base/fontenc.sty
Package: fontenc 2020/08/10 v2.0s Standard LaTeX package
LaTeX Font Info:    Trying to load font information for T1+lmr on input line 11
2.
(/Users/buurensv/Library/TinyTeX/texmf-dist/tex/latex/lm/t1lmr.fd
File: t1lmr.fd 2009/10/30 v1.6 Font defs for Latin Modern
)) (/Users/buurensv/Library/TinyTeX/texmf-dist/tex/latex/base/inputenc.sty
Package: inputenc 2020/08/01 v1.3d Input encoding file
\inpenc@prehook=\toks20
\inpenc@posthook=\toks21
) (/Users/buurensv/Library/TinyTeX/texmf-dist/tex/latex/base/textcomp.sty
Package: textcomp 2020/02/02 v2.0n Standard LaTeX package
) (/Users/buurensv/Library/TinyTeX/texmf-dist/tex/latex/amsfonts/amssymb.sty
Package: amssymb 2013/01/14 v3.01 AMS font symbols
(/Users/buurensv/Library/TinyTeX/texmf-dist/tex/latex/amsfonts/amsfonts.sty
Package: amsfonts 2013/01/14 v3.01 Basic AMSFonts support
\symAMSa=\mathgroup4
\symAMSb=\mathgroup5
LaTeX Font Info:    Redeclaring math symbol \hbar on input line 98.
LaTeX Font Info:    Overwriting math alphabet `\mathfrak' in version `bold'
(Font)                  U/euf/m/n --> U/euf/b/n on input line 106.
)) (/Users/buurensv/Library/TinyTeX/texmf-dist/tex/latex/xcolor/xcolor.sty
Package: xcolor 2016/05/11 v2.12 LaTeX color extensions (UK)
(/Users/buurensv/Library/TinyTeX/texmf-dist/tex/latex/graphics-cfg/color.cfg
File: color.cfg 2016/01/02 v1.6 sample color configuration
)
Package xcolor Info: Driver file: pdftex.def on input line 225.
(/Users/buurensv/Library/TinyTeX/texmf-dist/tex/latex/graphics-def/pdftex.def
File: pdftex.def 2020/10/05 v1.2a Graphics/color driver for pdftex
)
Package xcolor Info: Model `cmy' substituted by `cmy0' on input line 1348.
Package xcolor Info: Model `hsb' substituted by `rgb' on input line 1352.
Package xcolor Info: Model `RGB' extended on input line 1364.
Package xcolor Info: Model `HTML' substituted by `rgb' on input line 1366.
Package xcolor Info: Model `Hsb' substituted by `hsb' on input line 1367.
Package xcolor Info: Model `tHsb' substituted by `hsb' on input line 1368.
Package xcolor Info: Model `HSB' substituted by `hsb' on input line 1369.
Package xcolor Info: Model `Gray' substituted by `gray' on input line 1370.
Package xcolor Info: Model `wave' substituted by `hsb' on input line 1371.
) (/Users/buurensv/Library/TinyTeX/texmf-dist/tex/latex/hyperref/hyperref.sty
Package: hyperref 2021-02-10 v7.00j Hypertext links for LaTeX
(/Users/buurensv/Library/TinyTeX/texmf-dist/tex/generic/ltxcmds/ltxcmds.sty
Package: ltxcmds 2020-05-10 v1.25 LaTeX kernel commands for general use (HO)
)
(/Users/buurensv/Library/TinyTeX/texmf-dist/tex/generic/pdftexcmds/pdftexcmds.s
ty
Package: pdftexcmds 2020-06-27 v0.33 Utility functions of pdfTeX for LuaTeX (HO
)

(/Users/buurensv/Library/TinyTeX/texmf-dist/tex/generic/infwarerr/infwarerr.sty
Package: infwarerr 2019/12/03 v1.5 Providing info/warning/error messages (HO)
)
Package pdftexcmds Info: \pdf@primitive is available.
Package pdftexcmds Info: \pdf@ifprimitive is available.
Package pdftexcmds Info: \pdfdraftmode found.
) (/Users/buurensv/Library/TinyTeX/texmf-dist/tex/latex/graphics/keyval.sty
Package: keyval 2014/10/28 v1.15 key=value parser (DPC)
\KV@toks@=\toks22
)
(/Users/buurensv/Library/TinyTeX/texmf-dist/tex/generic/kvsetkeys/kvsetkeys.sty
Package: kvsetkeys 2019/12/15 v1.18 Key value parser (HO)
)
(/Users/buurensv/Library/TinyTeX/texmf-dist/tex/generic/kvdefinekeys/kvdefineke
ys.sty
Package: kvdefinekeys 2019-12-19 v1.6 Define keys (HO)
)
(/Users/buurensv/Library/TinyTeX/texmf-dist/tex/generic/pdfescape/pdfescape.sty
Package: pdfescape 2019/12/09 v1.15 Implements pdfTeX's escape features (HO)
) (/Users/buurensv/Library/TinyTeX/texmf-dist/tex/latex/hycolor/hycolor.sty
Package: hycolor 2020-01-27 v1.10 Color options for hyperref/bookmark (HO)
)
(/Users/buurensv/Library/TinyTeX/texmf-dist/tex/latex/letltxmacro/letltxmacro.s
ty
Package: letltxmacro 2019/12/03 v1.6 Let assignment for LaTeX macros (HO)
) (/Users/buurensv/Library/TinyTeX/texmf-dist/tex/latex/auxhook/auxhook.sty
Package: auxhook 2019-12-17 v1.6 Hooks for auxiliary files (HO)
) (/Users/buurensv/Library/TinyTeX/texmf-dist/tex/latex/kvoptions/kvoptions.sty
Package: kvoptions 2020-10-07 v3.14 Key value format for package options (HO)
)
\@linkdim=\dimen148
\Hy@linkcounter=\count198
\Hy@pagecounter=\count199
(/Users/buurensv/Library/TinyTeX/texmf-dist/tex/latex/hyperref/pd1enc.def
File: pd1enc.def 2021-02-10 v7.00j Hyperref: PDFDocEncoding definition (HO)
Now handling font encoding PD1 ...
... no UTF-8 mapping file for font encoding PD1
)
(/Users/buurensv/Library/TinyTeX/texmf-dist/tex/latex/hyperref/hyperref-langpat
ches.def
File: hyperref-langpatches.def 2021-02-10 v7.00j Hyperref: patches for babel la
nguages
) (/Users/buurensv/Library/TinyTeX/texmf-dist/tex/generic/intcalc/intcalc.sty
Package: intcalc 2019/12/15 v1.3 Expandable calculations with integers (HO)
) (/Users/buurensv/Library/TinyTeX/texmf-dist/tex/generic/etexcmds/etexcmds.sty
Package: etexcmds 2019/12/15 v1.7 Avoid name clashes with e-TeX commands (HO)
)
\Hy@SavedSpaceFactor=\count266
(/Users/buurensv/Library/TinyTeX/texmf-dist/tex/latex/hyperref/puenc.def
File: puenc.def 2021-02-10 v7.00j Hyperref: PDF Unicode definition (HO)
Now handling font encoding PU ...
... no UTF-8 mapping file for font encoding PU
)
Package hyperref Info: Option `unicode' set `true' on input line 4073.
Package hyperref Info: Hyper figures OFF on input line 4192.
Package hyperref Info: Link nesting OFF on input line 4197.
Package hyperref Info: Hyper index ON on input line 4200.
Package hyperref Info: Plain pages OFF on input line 4207.
Package hyperref Info: Backreferencing OFF on input line 4212.
Package hyperref Info: Implicit mode ON; LaTeX internals redefined.
Package hyperref Info: Bookmarks ON on input line 4445.
\c@Hy@tempcnt=\count267
(/Users/buurensv/Library/TinyTeX/texmf-dist/tex/latex/url/url.sty
\Urlmuskip=\muskip17
Package: url 2013/09/16  ver 3.4  Verb mode for urls, etc.
)
LaTeX Info: Redefining \url on input line 4804.
\XeTeXLinkMargin=\dimen149
(/Users/buurensv/Library/TinyTeX/texmf-dist/tex/generic/bitset/bitset.sty
Package: bitset 2019/12/09 v1.3 Handle bit-vector datatype (HO)

(/Users/buurensv/Library/TinyTeX/texmf-dist/tex/generic/bigintcalc/bigintcalc.s
ty
Package: bigintcalc 2019/12/15 v1.5 Expandable calculations on big integers (HO
)
))
\Fld@menulength=\count268
\Field@Width=\dimen150
\Fld@charsize=\dimen151
Package hyperref Info: Hyper figures OFF on input line 6075.
Package hyperref Info: Link nesting OFF on input line 6080.
Package hyperref Info: Hyper index ON on input line 6083.
Package hyperref Info: backreferencing OFF on input line 6090.
Package hyperref Info: Link coloring OFF on input line 6095.
Package hyperref Info: Link coloring with OCG OFF on input line 6100.
Package hyperref Info: PDF/A mode OFF on input line 6105.
LaTeX Info: Redefining \ref on input line 6145.
LaTeX Info: Redefining \pageref on input line 6149.
(/Users/buurensv/Library/TinyTeX/texmf-dist/tex/latex/base/atbegshi-ltx.sty
Package: atbegshi-ltx 2020/08/17 v1.0a Emulation of the original atbegshi packa
ge
with kernel methods
)
\Hy@abspage=\count269
\c@Item=\count270
\c@Hfootnote=\count271
)
Package hyperref Info: Driver (autodetected): hpdftex.
(/Users/buurensv/Library/TinyTeX/texmf-dist/tex/latex/hyperref/hpdftex.def
File: hpdftex.def 2021-02-10 v7.00j Hyperref driver for pdfTeX
(/Users/buurensv/Library/TinyTeX/texmf-dist/tex/latex/base/atveryend-ltx.sty
Package: atveryend-ltx 2020/08/19 v1.0a Emulation of the original atvery packag
e
with kernel methods
)
\Fld@listcount=\count272
\c@bookmark@seq@number=\count273

(/Users/buurensv/Library/TinyTeX/texmf-dist/tex/latex/rerunfilecheck/rerunfilec
heck.sty
Package: rerunfilecheck 2019/12/05 v1.9 Rerun checks for auxiliary files (HO)

(/Users/buurensv/Library/TinyTeX/texmf-dist/tex/generic/uniquecounter/uniquecou
nter.sty
Package: uniquecounter 2019/12/15 v1.4 Provide unlimited unique counter (HO)
)
Package uniquecounter Info: New unique counter `rerunfilecheck' on input line 2
86.
)
\Hy@SectionHShift=\skip52
) (/Users/buurensv/Library/TinyTeX/texmf-dist/tex/latex/tools/longtable.sty
Package: longtable 2020/01/07 v4.13 Multi-page Table package (DPC)
\LTleft=\skip53
\LTright=\skip54
\LTpre=\skip55
\LTpost=\skip56
\LTchunksize=\count274
\LTcapwidth=\dimen152
\LT@head=\box49
\LT@firsthead=\box50
\LT@foot=\box51
\LT@lastfoot=\box52
\LT@cols=\count275
\LT@rows=\count276
\c@LT@tables=\count277
\c@LT@chunks=\count278
\LT@p@ftn=\toks23
) (/Users/buurensv/Library/TinyTeX/texmf-dist/tex/latex/booktabs/booktabs.sty
Package: booktabs 2020/01/12 v1.61803398 Publication quality tables
\heavyrulewidth=\dimen153
\lightrulewidth=\dimen154
\cmidrulewidth=\dimen155
\belowrulesep=\dimen156
\belowbottomsep=\dimen157
\aboverulesep=\dimen158
\abovetopsep=\dimen159
\cmidrulesep=\dimen160
\cmidrulekern=\dimen161
\defaultaddspace=\dimen162
\@cmidla=\count279
\@cmidlb=\count280
\@aboverulesep=\dimen163
\@belowrulesep=\dimen164
\@thisruleclass=\count281
\@lastruleclass=\count282
\@thisrulewidth=\dimen165
) (/Users/buurensv/Library/TinyTeX/texmf-dist/tex/latex/tools/calc.sty
Package: calc 2017/05/25 v4.3 Infix arithmetic (KKT,FJ)
\calc@Acount=\count283
\calc@Bcount=\count284
\calc@Adimen=\dimen166
\calc@Bdimen=\dimen167
\calc@Askip=\skip57
\calc@Bskip=\skip58
LaTeX Info: Redefining \setlength on input line 80.
LaTeX Info: Redefining \addtolength on input line 81.
\calc@Ccount=\count285
\calc@Cskip=\skip59
) (/Users/buurensv/Library/TinyTeX/texmf-dist/tex/latex/etoolbox/etoolbox.sty
Package: etoolbox 2020/10/05 v2.5k e-TeX tools for LaTeX (JAW)
\etb@tempcnta=\count286
) (/Users/buurensv/Library/TinyTeX/texmf-dist/tex/latex/mdwtools/footnote.sty
Package: footnote 1997/01/28 1.13 Save footnotes around boxes
\fn@notes=\box53
\fn@width=\dimen168
) (/Users/buurensv/Library/TinyTeX/texmf-dist/tex/latex/graphics/graphicx.sty
Package: graphicx 2020/09/09 v1.2b Enhanced LaTeX Graphics (DPC,SPQR)
(/Users/buurensv/Library/TinyTeX/texmf-dist/tex/latex/graphics/graphics.sty
Package: graphics 2020/08/30 v1.4c Standard LaTeX Graphics (DPC,SPQR)
(/Users/buurensv/Library/TinyTeX/texmf-dist/tex/latex/graphics/trig.sty
Package: trig 2016/01/03 v1.10 sin cos tan (DPC)
)
(/Users/buurensv/Library/TinyTeX/texmf-dist/tex/latex/graphics-cfg/graphics.cfg
File: graphics.cfg 2016/06/04 v1.11 sample graphics configuration
)
Package graphics Info: Driver file: pdftex.def on input line 105.
)
\Gin@req@height=\dimen169
\Gin@req@width=\dimen170
) (/Users/buurensv/Library/TinyTeX/texmf-dist/tex/latex/tools/array.sty
Package: array 2020/10/01 v2.5c Tabular extension package (FMi)
\col@sep=\dimen171
\ar@mcellbox=\box54
\extrarowheight=\dimen172
\NC@list=\toks24
\extratabsurround=\skip60
\backup@length=\skip61
\ar@cellbox=\box55
) (/Users/buurensv/Library/TinyTeX/texmf-dist/tex/latex/multirow/multirow.sty
Package: multirow 2021/01/29 v2.7 Span multiple rows of a table
\multirow@colwidth=\skip62
\multirow@cntb=\count287
\multirow@dima=\skip63
\bigstrutjot=\dimen173
) (/Users/buurensv/Library/TinyTeX/texmf-dist/tex/latex/wrapfig/wrapfig.sty
\wrapoverhang=\dimen174
\WF@size=\dimen175
\c@WF@wrappedlines=\count288
\WF@box=\box56
\WF@everypar=\toks25
Package: wrapfig 2003/01/31  v 3.6
) (/Users/buurensv/Library/TinyTeX/texmf-dist/tex/latex/float/float.sty
Package: float 2001/11/08 v1.3d Float enhancements (AL)
\c@float@type=\count289
\float@exts=\toks26
\float@box=\box57
\@float@everytoks=\toks27
\@floatcapt=\box58
) (/Users/buurensv/Library/TinyTeX/texmf-dist/tex/latex/colortbl/colortbl.sty
Package: colortbl 2020/01/04 v1.0e Color table columns (DPC)
\everycr=\toks28
\minrowclearance=\skip64
) (/Users/buurensv/Library/TinyTeX/texmf-dist/tex/latex/pdflscape/pdflscape.sty
Package: pdflscape 2019/12/05 v0.12 Display of landscape pages in PDF (HO)
(/Users/buurensv/Library/TinyTeX/texmf-dist/tex/latex/graphics/lscape.sty
Package: lscape 2020/05/28 v3.02 Landscape Pages (DPC)
)
Package pdflscape Info: Auto-detected driver: pdftex on input line 81.
) (/Users/buurensv/Library/TinyTeX/texmf-dist/tex/latex/tabu/tabu.sty
Package: tabu 2019/01/11 v2.9 - flexible LaTeX tabulars (FC+tabu-fixed)
(/Users/buurensv/Library/TinyTeX/texmf-dist/tex/latex/varwidth/varwidth.sty
Package: varwidth 2009/03/30 ver 0.92;  Variable-width minipages
\@vwid@box=\box59
\sift@deathcycles=\count290
\@vwid@loff=\dimen176
\@vwid@roff=\dimen177
)
\c@taburow=\count291
\tabu@nbcols=\count292
\tabu@cnt=\count293
\tabu@Xcol=\count294
\tabu@alloc=\count295
\tabu@nested=\count296
\tabu@target=\dimen178
\tabu@spreadtarget=\dimen179
\tabu@naturalX=\dimen180
\tabucolX=\dimen181
\tabu@Xsum=\dimen182
\extrarowdepth=\dimen183
\abovetabulinesep=\dimen184
\belowtabulinesep=\dimen185
\tabustrutrule=\dimen186
\tabu@thebody=\toks29
\tabu@footnotes=\toks30
\tabu@box=\box60
\tabu@arstrutbox=\box61
\tabu@hleads=\box62
\tabu@vleads=\box63
\tabu@cellskip=\skip65
)
(/Users/buurensv/Library/TinyTeX/texmf-dist/tex/latex/threeparttable/threepartt
able.sty
Package: threeparttable 2003/06/13  v 3.0
\@tempboxb=\box64
)
(/Users/buurensv/Library/TinyTeX/texmf-dist/tex/latex/threeparttablex/threepart
tablex.sty
Package: threeparttablex 2013/07/23 v0.3 by daleif
(/Users/buurensv/Library/TinyTeX/texmf-dist/tex/latex/environ/environ.sty
Package: environ 2014/05/04 v0.3 A new way to define environments

(/Users/buurensv/Library/TinyTeX/texmf-dist/tex/latex/trimspaces/trimspaces.sty
Package: trimspaces 2009/09/17 v1.1 Trim spaces around a token list
))
\TPTL@width=\skip66
) (/Users/buurensv/Library/TinyTeX/texmf-dist/tex/generic/ulem/ulem.sty
\UL@box=\box65
\UL@hyphenbox=\box66
\UL@skip=\skip67
\UL@hook=\toks31
\UL@height=\dimen187
\UL@pe=\count297
\UL@pixel=\dimen188
\ULC@box=\box67
Package: ulem 2019/11/18
\ULdepth=\dimen189
) (/Users/buurensv/Library/TinyTeX/texmf-dist/tex/latex/makecell/makecell.sty
Package: makecell 2009/08/03 V0.1e Managing of Tab Column Heads and Cells
\rotheadsize=\dimen190
\c@nlinenum=\count298
\TeXr@lab=\toks32
)
\cslhangindent=\skip68
\csllabelwidth=\skip69

(/Users/buurensv/Library/TinyTeX/texmf-dist/tex/latex/l3backend/l3backend-pdfte
x.def
File: l3backend-pdftex.def 2021-02-06 L3 backend support: PDF output (pdfTeX)
\l__color_backend_stack_int=\count299
\l__pdf_internal_box=\box68
) (./dbook1.aux

LaTeX Warning: Label `tab:reftable' multiply defined.


LaTeX Warning: Label `tab:reftable' multiply defined.


LaTeX Warning: Label `tab:reftable' multiply defined.


LaTeX Warning: Label `tab:reftable' multiply defined.

)
\openout1 = `dbook1.aux'.

LaTeX Font Info:    Checking defaults for OML/cmm/m/it on input line 114.
LaTeX Font Info:    ... okay on input line 114.
LaTeX Font Info:    Checking defaults for OMS/cmsy/m/n on input line 114.
LaTeX Font Info:    ... okay on input line 114.
LaTeX Font Info:    Checking defaults for OT1/cmr/m/n on input line 114.
LaTeX Font Info:    ... okay on input line 114.
LaTeX Font Info:    Checking defaults for T1/cmr/m/n on input line 114.
LaTeX Font Info:    ... okay on input line 114.
LaTeX Font Info:    Checking defaults for TS1/cmr/m/n on input line 114.
LaTeX Font Info:    ... okay on input line 114.
LaTeX Font Info:    Checking defaults for OMX/cmex/m/n on input line 114.
LaTeX Font Info:    ... okay on input line 114.
LaTeX Font Info:    Checking defaults for U/cmr/m/n on input line 114.
LaTeX Font Info:    ... okay on input line 114.
LaTeX Font Info:    Checking defaults for PD1/pdf/m/n on input line 114.
LaTeX Font Info:    ... okay on input line 114.
LaTeX Font Info:    Checking defaults for PU/pdf/m/n on input line 114.
LaTeX Font Info:    ... okay on input line 114.

(/Users/buurensv/Library/TinyTeX/texmf-dist/tex/latex/epstopdf-pkg/epstopdf-bas
e.sty
Package: epstopdf-base 2020-01-24 v2.11 Base part for package epstopdf
Package epstopdf-base Info: Redefining graphics rule for `.eps' on input line 4
85.

(/Users/buurensv/Library/TinyTeX/texmf-dist/tex/latex/latexconfig/epstopdf-sys.
cfg
File: epstopdf-sys.cfg 2010/07/13 v1.3 Configuration of (r)epstopdf for TeX Liv
e
))
Package hyperref Info: Link coloring OFF on input line 114.
(/Users/buurensv/Library/TinyTeX/texmf-dist/tex/latex/hyperref/nameref.sty
Package: nameref 2021-04-02 v2.47 Cross-referencing by name of section
(/Users/buurensv/Library/TinyTeX/texmf-dist/tex/latex/refcount/refcount.sty
Package: refcount 2019/12/15 v3.6 Data extraction from label references (HO)
)
(/Users/buurensv/Library/TinyTeX/texmf-dist/tex/generic/gettitlestring/gettitle
string.sty
Package: gettitlestring 2019/12/15 v1.6 Cleanup title references (HO)
)
\c@section@level=\count300
)
LaTeX Info: Redefining \ref on input line 114.
LaTeX Info: Redefining \pageref on input line 114.
LaTeX Info: Redefining \nameref on input line 114.
(./dbook1.out) (./dbook1.out)
\@outlinefile=\write3
\openout3 = `dbook1.out'.

LaTeX Font Info:    Trying to load font information for OT1+lmr on input line 1
16.
(/Users/buurensv/Library/TinyTeX/texmf-dist/tex/latex/lm/ot1lmr.fd
File: ot1lmr.fd 2009/10/30 v1.6 Font defs for Latin Modern
)
LaTeX Font Info:    Trying to load font information for OML+lmm on input line 1
16.
(/Users/buurensv/Library/TinyTeX/texmf-dist/tex/latex/lm/omllmm.fd
File: omllmm.fd 2009/10/30 v1.6 Font defs for Latin Modern
)
LaTeX Font Info:    Trying to load font information for OMS+lmsy on input line 
116.
(/Users/buurensv/Library/TinyTeX/texmf-dist/tex/latex/lm/omslmsy.fd
File: omslmsy.fd 2009/10/30 v1.6 Font defs for Latin Modern
)
LaTeX Font Info:    Trying to load font information for OMX+lmex on input line 
116.
(/Users/buurensv/Library/TinyTeX/texmf-dist/tex/latex/lm/omxlmex.fd
File: omxlmex.fd 2009/10/30 v1.6 Font defs for Latin Modern
)
LaTeX Font Info:    External font `lmex10' loaded for size
(Font)              <12> on input line 116.
LaTeX Font Info:    External font `lmex10' loaded for size
(Font)              <8> on input line 116.
LaTeX Font Info:    External font `lmex10' loaded for size
(Font)              <6> on input line 116.
LaTeX Font Info:    Trying to load font information for U+msa on input line 116
.
(/Users/buurensv/Library/TinyTeX/texmf-dist/tex/latex/amsfonts/umsa.fd
File: umsa.fd 2013/01/14 v3.01 AMS symbols A
)
LaTeX Font Info:    Trying to load font information for U+msb on input line 116
.
(/Users/buurensv/Library/TinyTeX/texmf-dist/tex/latex/amsfonts/umsb.fd
File: umsb.fd 2013/01/14 v3.01 AMS symbols B
) [1


{/Users/buurensv/Library/TinyTeX/texmf-var/fonts/map/pdftex/updmap/pdftex.map}]
[2

] (./dbook1.toc
LaTeX Font Info:    External font `lmex10' loaded for size
(Font)              <10> on input line 2.
LaTeX Font Info:    External font `lmex10' loaded for size
(Font)              <7> on input line 2.
LaTeX Font Info:    External font `lmex10' loaded for size
(Font)              <5> on input line 2.
[3] [4])
\tf@toc=\write4
\openout4 = `dbook1.toc'.

[5] [6

]
LaTeX Font Info:    Trying to load font information for T1+lmtt on input line 1
44.
(/Users/buurensv/Library/TinyTeX/texmf-dist/tex/latex/lm/t1lmtt.fd
File: t1lmtt.fd 2009/10/30 v1.6 Font defs for Latin Modern
) [7]
LaTeX Font Info:    Trying to load font information for TS1+lmr on input line 1
64.
(/Users/buurensv/Library/TinyTeX/texmf-dist/tex/latex/lm/ts1lmr.fd
File: ts1lmr.fd 2009/10/30 v1.6 Font defs for Latin Modern
) [8] [9] [10

] [11] [12]
Chapter 1.
<fig/shutterstock_29312953.jpg, id=436, 1025.2704pt x 682.2288pt>
File: fig/shutterstock_29312953.jpg Graphic file (type jpg)
<use fig/shutterstock_29312953.jpg>
Package pdftex.def Info: fig/shutterstock_29312953.jpg  used on input line 251.

(pdftex.def)             Requested size: 345.00476pt x 229.57083pt.
[13

] [14pdfTeX warning (ext4): destination with the same identifier (name{figure.1
.1}) has been already used, duplicate ignored
<argument> ...shipout:D \box_use:N \l_shipout_box 
                                                  
l.272 
       <./fig/shutterstock_29312953.jpg>] [15]
Underfull \vbox (badness 3547) has occurred while \output is active []

[16] [17] [18]
Chapter 2.
<fig/firsttwoyearsast011504.png, id=517, 1297.84875pt x 922.44624pt>
File: fig/firsttwoyearsast011504.png Graphic file (type png)
<use fig/firsttwoyearsast011504.png>
Package pdftex.def Info: fig/firsttwoyearsast011504.png  used on input line 366
.
(pdftex.def)             Requested size: 344.99768pt x 245.20715pt.
[19

] [20pdfTeX warning (ext4): destination with the same identifier (name{figure.2
.1}) has been already used, duplicate ignored
<argument> ...shipout:D \box_use:N \l_shipout_box 
                                                  
l.384 
       <./fig/firsttwoyearsast011504.png>] [21]
<fig/shutterstock_261441989.jpg, id=569, 944.328pt x 639.5895pt>
File: fig/shutterstock_261441989.jpg Graphic file (type jpg)
<use fig/shutterstock_261441989.jpg>
Package pdftex.def Info: fig/shutterstock_261441989.jpg  used on input line 434
.
(pdftex.def)             Requested size: 345.00107pt x 233.6678pt.
[22] [23pdfTeX warning (ext4): destination with the same identifier (name{figur
e.2.2}) has been already used, duplicate ignored
<argument> ...shipout:D \box_use:N \l_shipout_box 
                                                  
l.459 
       <./fig/shutterstock_261441989.jpg>]
<dbook1_files/figure-latex/stepplot-1.pdf, id=594, 495.8525pt x 294.09875pt>
File: dbook1_files/figure-latex/stepplot-1.pdf Graphic file (type pdf)
<use dbook1_files/figure-latex/stepplot-1.pdf>
Package pdftex.def Info: dbook1_files/figure-latex/stepplot-1.pdf  used on inpu
t line 507.
(pdftex.def)             Requested size: 344.99858pt x 204.62465pt.

Underfull \vbox (badness 10000) has occurred while \output is active []

[24pdfTeX warning (ext4): destination with the same identifier (name{table.2.1}
) has been already used, duplicate ignored
<argument> ...shipout:D \box_use:N \l_shipout_box 
                                                  
l.517 
      ] [25pdfTeX warning (ext4): destination with the same identifier (name{fi
gure.2.3}) has been already used, duplicate ignored
<argument> ...shipout:D \box_use:N \l_shipout_box 
                                                  
l.528 
       <./dbook1_files/figure-latex/stepplot-1.pdf>] [26pdfTeX warning (ext4): 
destination with the same identifier (name{table.2.2}) has been already used, d
uplicate ignored
<argument> ...shipout:D \box_use:N \l_shipout_box 
                                                  
l.556 ...g child development}\label{ch:threeways}}
                                                  ]
Chapter 3.
<dbook1_files/figure-latex/milestonebased-1.pdf, id=637, 495.8525pt x 207.77625
pt>
File: dbook1_files/figure-latex/milestonebased-1.pdf Graphic file (type pdf)
<use dbook1_files/figure-latex/milestonebased-1.pdf>
Package pdftex.def Info: dbook1_files/figure-latex/milestonebased-1.pdf  used o
n input line 591.
(pdftex.def)             Requested size: 344.99858pt x 144.56416pt.
[27

]
<dbook1_files/figure-latex/agebox-1.pdf, id=650, 495.8525pt x 207.77625pt>
File: dbook1_files/figure-latex/agebox-1.pdf Graphic file (type pdf)
<use dbook1_files/figure-latex/agebox-1.pdf>
Package pdftex.def Info: dbook1_files/figure-latex/agebox-1.pdf  used on input 
line 610.
(pdftex.def)             Requested size: 344.99858pt x 144.56416pt.
[28pdfTeX warning (ext4): destination with the same identifier (name{figure.3.1
}) has been already used, duplicate ignored
<argument> ...shipout:D \box_use:N \l_shipout_box 
                                                  
l.633   A
         ge-based measurement can inform us whether a child is achieving a g...
 <./dbook1_files/figure-latex/milestonebased-1.pdf>]
<dbook1_files/figure-latex/shirleypa-1.pdf, id=669, 499.8675pt x 243.91125pt>
File: dbook1_files/figure-latex/shirleypa-1.pdf Graphic file (type pdf)
<use dbook1_files/figure-latex/shirleypa-1.pdf>
Package pdftex.def Info: dbook1_files/figure-latex/shirleypa-1.pdf  used on inp
ut line 652.
(pdftex.def)             Requested size: 345.0081pt x 168.34732pt.
[29pdfTeX warning (ext4): destination with the same identifier (name{figure.3.2
}) has been already used, duplicate ignored
<argument> ...shipout:D \box_use:N \l_shipout_box 
                                                  
l.664 
       <./dbook1_files/figure-latex/agebox-1.pdf>] [30pdfTeX warning (ext4): de
stination with the same identifier (name{figure.3.3}) has been already used, du
plicate ignored
<argument> ...shipout:D \box_use:N \l_shipout_box 
                                                  
l.686 ... measurement}\label{sec:motivscorebased}}
                                                   <./dbook1_files/figure-latex
/shirleypa-1.pdf>]
<dbook1_files/figure-latex/scoreplot-1.pdf, id=711, 499.8675pt x 294.09875pt>
File: dbook1_files/figure-latex/scoreplot-1.pdf Graphic file (type pdf)
<use dbook1_files/figure-latex/scoreplot-1.pdf>
Package pdftex.def Info: dbook1_files/figure-latex/scoreplot-1.pdf  used on inp
ut line 699.
(pdftex.def)             Requested size: 345.0081pt x 202.98668pt.
[31pdfTeX warning (ext4): destination with the same identifier (name{figure.3.4
}) has been already used, duplicate ignored
<argument> ...shipout:D \box_use:N \l_shipout_box 
                                                  
l.709 
       <./dbook1_files/figure-latex/scoreplot-1.pdf>] [32]
<dbook1_files/figure-latex/shirleypd-1.pdf, id=749, 499.8675pt x 242.9075pt>
File: dbook1_files/figure-latex/shirleypd-1.pdf Graphic file (type pdf)
<use dbook1_files/figure-latex/shirleypd-1.pdf>
Package pdftex.def Info: dbook1_files/figure-latex/shirleypd-1.pdf  used on inp
ut line 755.
(pdftex.def)             Requested size: 345.0081pt x 167.65453pt.
[33pdfTeX warning (ext4): destination with the same identifier (name{figure.3.5
}) has been already used, duplicate ignored
<argument> ...shipout:D \box_use:N \l_shipout_box 
                                                  
l.768 F
       igure \ref{fig:shirleypd} shows that the probability of passing a mil...
 <./dbook1_files/figure-latex/shirleypd-1.pdf>]
<fig/lineplot.png, id=770, 413.3844pt x 73.2336pt>
File: fig/lineplot.png Graphic file (type png)
<use fig/lineplot.png>
Package pdftex.def Info: fig/lineplot.png  used on input line 794.
(pdftex.def)             Requested size: 345.00127pt x 61.11908pt.
[34] [35pdfTeX warning (ext4): destination with the same identifier (name{figur
e.3.6}) has been already used, duplicate ignored
<argument> ...shipout:D \box_use:N \l_shipout_box 
                                                  
l.845 \end{longtable}
                      <./fig/lineplot.png>] [36]
Chapter 4.
[37

]
Underfull \hbox (badness 1348) in paragraph at lines 908--909
\T1/lmr/m/n/10 The So-cial Med-i-cal Sur-vey of Chil-dren At-tend-ing Child Hea
lth Clin-ics
 []


LaTeX Warning: Float too large for page by 73.1372pt on input line 994.

<dbook1_files/figure-latex/smoccpa-1.pdf, id=822, 499.8675pt x 280.04625pt>
File: dbook1_files/figure-latex/smoccpa-1.pdf Graphic file (type pdf)
<use dbook1_files/figure-latex/smoccpa-1.pdf>
Package pdftex.def Info: dbook1_files/figure-latex/smoccpa-1.pdf  used on input
 line 1005.
(pdftex.def)             Requested size: 345.0081pt x 193.28766pt.
[38] [39pdfTeX warning (ext4): destination with the same identifier (name{table
.4.1}) has been already used, duplicate ignored
<argument> ...shipout:D \box_use:N \l_shipout_box 
                                                  
l.1019 ...lestone given D-score}\label{sec:probd}}
                                                  ]
<dbook1_files/figure-latex/smoccpd-1.pdf, id=843, 499.8675pt x 280.04625pt>
File: dbook1_files/figure-latex/smoccpd-1.pdf Graphic file (type pdf)
<use dbook1_files/figure-latex/smoccpd-1.pdf>
Package pdftex.def Info: dbook1_files/figure-latex/smoccpd-1.pdf  used on input
 line 1023.
(pdftex.def)             Requested size: 345.0081pt x 193.28766pt.
<dbook1_files/figure-latex/smoccda-1.pdf, id=849, 499.8675pt x 424.58624pt>
File: dbook1_files/figure-latex/smoccda-1.pdf Graphic file (type pdf)
<use dbook1_files/figure-latex/smoccda-1.pdf>
Package pdftex.def Info: dbook1_files/figure-latex/smoccda-1.pdf  used on input
 line 1043.
(pdftex.def)             Requested size: 345.0081pt x 293.04904pt.
[40pdfTeX warning (ext4): destination with the same identifier (name{figure.4.1
}) has been already used, duplicate ignored
<argument> ...shipout:D \box_use:N \l_shipout_box 
                                                  
l.1053 
        <./dbook1_files/figure-latex/smoccpa-1.pdf>]

pdfTeX warning: pdflatex (file ./fig/scenes.pdf): PDF inclusion: found PDF vers
ion <1.7>, but at most version <1.5> allowed
<fig/scenes.pdf, id=866, 2306.6175pt x 632.3625pt>
File: fig/scenes.pdf Graphic file (type pdf)
<use fig/scenes.pdf>
Package pdftex.def Info: fig/scenes.pdf  used on input line 1056.
(pdftex.def)             Requested size: 344.9922pt x 94.58011pt.
[41pdfTeX warning (ext4): destination with the same identifier (name{figure.4.2
}) has been already used, duplicate ignored
<argument> ...shipout:D \box_use:N \l_shipout_box 
                                                  
l.1086 \begin{quote}
                     <./dbook1_files/figure-latex/smoccpd-1.pdf>] [42pdfTeX war
ning (ext4): destination with the same identifier (name{figure.4.3}) has been a
lready used, duplicate ignored
<argument> ...shipout:D \box_use:N \l_shipout_box 
                                                  
l.1086 \begin{quote}
                    pdfTeX warning (ext4): destination with the same identifier
 (name{figure.4.4}) has been already used, duplicate ignored
<argument> ...shipout:D \box_use:N \l_shipout_box 
                                                  
l.1086 \begin{quote}
                     <./dbook1_files/figure-latex/smoccda-1.pdf> <./fig/scenes.
pdf>] [43]
<dbook1_files/figure-latex/logisticplot-1.pdf, id=938, 499.8675pt x 242.9075pt>

File: dbook1_files/figure-latex/logisticplot-1.pdf Graphic file (type pdf)
<use dbook1_files/figure-latex/logisticplot-1.pdf>
Package pdftex.def Info: dbook1_files/figure-latex/logisticplot-1.pdf  used on 
input line 1154.
(pdftex.def)             Requested size: 345.0081pt x 167.65453pt.
[44]
<dbook1_files/figure-latex/irfplot-1.pdf, id=955, 499.8675pt x 243.91125pt>
File: dbook1_files/figure-latex/irfplot-1.pdf Graphic file (type pdf)
<use dbook1_files/figure-latex/irfplot-1.pdf>
Package pdftex.def Info: dbook1_files/figure-latex/irfplot-1.pdf  used on input
 line 1187.
(pdftex.def)             Requested size: 345.0081pt x 168.34732pt.
[45pdfTeX warning (ext4): destination with the same identifier (name{figure.4.5
}) has been already used, duplicate ignored
<argument> ...shipout:D \box_use:N \l_shipout_box 
                                                  
l.1197 
        <./dbook1_files/figure-latex/logisticplot-1.pdf>] [46pdfTeX warning (ex
t4): destination with the same identifier (name{figure.4.6}) has been already u
sed, duplicate ignored
<argument> ...shipout:D \box_use:N \l_shipout_box 
                                                  
l.1209 \end{itemize}
                     <./dbook1_files/figure-latex/irfplot-1.pdf>]
<dbook1_files/figure-latex/prfplot-1.pdf, id=989, 499.8675pt x 243.91125pt>
File: dbook1_files/figure-latex/prfplot-1.pdf Graphic file (type pdf)
<use dbook1_files/figure-latex/prfplot-1.pdf>
Package pdftex.def Info: dbook1_files/figure-latex/prfplot-1.pdf  used on input
 line 1222.
(pdftex.def)             Requested size: 345.0081pt x 168.34732pt.
[47pdfTeX warning (ext4): destination with the same identifier (name{figure.4.7
}) has been already used, duplicate ignored
<argument> ...shipout:D \box_use:N \l_shipout_box 
                                                  
l.1237 
        <./dbook1_files/figure-latex/prfplot-1.pdf>] [48] [49] [50

]
Chapter 5.
[51] [52pdfTeX warning (ext4): destination with the same identifier (name{table
.5.1}) has been already used, duplicate ignored
<argument> ...shipout:D \box_use:N \l_shipout_box 
                                                  
l.1367 \end{landscape}
                      ]
Underfull \hbox (badness 4492) in paragraph at lines 1391--1392
\T1/lmtt/m/n/10 rasch.pairwise.itemcluster() \T1/lmr/m/n/10 as im-ple-mented in
 the \T1/lmtt/m/n/10 sirt \T1/lmr/m/n/10 pack-age
 []

<dbook1_files/figure-latex/itemdiflplot-1.pdf, id=1085, 494.84875pt x 713.66624
pt>
File: dbook1_files/figure-latex/itemdiflplot-1.pdf Graphic file (type pdf)
<use dbook1_files/figure-latex/itemdiflplot-1.pdf>
Package pdftex.def Info: dbook1_files/figure-latex/itemdiflplot-1.pdf  used on 
input line 1395.
(pdftex.def)             Requested size: 345.00243pt x 497.55927pt.
[53


] [54pdfTeX warning (ext4): destination with the same identifier (name{figure.5
.1}) has been already used, duplicate ignored
<argument> ...shipout:D \box_use:N \l_shipout_box 
                                                  
l.1410 
        <./dbook1_files/figure-latex/itemdiflplot-1.pdf>]
<dbook1_files/figure-latex/itemdifdplot-1.pdf, id=1113, 494.84875pt x 713.66624
pt>
File: dbook1_files/figure-latex/itemdifdplot-1.pdf Graphic file (type pdf)
<use dbook1_files/figure-latex/itemdifdplot-1.pdf>
Package pdftex.def Info: dbook1_files/figure-latex/itemdifdplot-1.pdf  used on 
input line 1440.
(pdftex.def)             Requested size: 345.00243pt x 497.55927pt.
[55pdfTeX warning (ext4): destination with the same identifier (name{table.5.2}
) has been already used, duplicate ignored
<argument> ...shipout:D \box_use:N \l_shipout_box 
                                                  
l.1461 \end{itemize}
                    ] [56pdfTeX warning (ext4): destination with the same ident
ifier (name{figure.5.2}) has been already used, duplicate ignored
<argument> ...shipout:D \box_use:N \l_shipout_box 
                                                  
l.1461 \end{itemize}
                     <./dbook1_files/figure-latex/itemdifdplot-1.pdf>]
<dbook1_files/figure-latex/figpriors-1.pdf, id=1138, 495.8525pt x 277.035pt>
File: dbook1_files/figure-latex/figpriors-1.pdf Graphic file (type pdf)
<use dbook1_files/figure-latex/figpriors-1.pdf>
Package pdftex.def Info: dbook1_files/figure-latex/figpriors-1.pdf  used on inp
ut line 1479.
(pdftex.def)             Requested size: 344.99858pt x 192.75223pt.
[57] [58pdfTeX warning (ext4): destination with the same identifier (name{figur
e.5.3}) has been already used, duplicate ignored
<argument> ...shipout:D \box_use:N \l_shipout_box 
                                                  
l.1501 
        <./dbook1_files/figure-latex/figpriors-1.pdf>]
<dbook1_files/figure-latex/davidplot-1.pdf, id=1169, 495.8525pt x 850.17625pt>
File: dbook1_files/figure-latex/davidplot-1.pdf Graphic file (type pdf)
<use dbook1_files/figure-latex/davidplot-1.pdf>
Package pdftex.def Info: dbook1_files/figure-latex/davidplot-1.pdf  used on inp
ut line 1528.
(pdftex.def)             Requested size: 320.79465pt x 550.02647pt.

LaTeX Warning: Float too large for page by 36.52647pt on input line 1533.

[59pdfTeX warning (ext4): destination with the same identifier (name{table.5.3}
) has been already used, duplicate ignored
<argument> ...shipout:D \box_use:N \l_shipout_box 
                                                  
l.1550   T
          here is no measurement for David on \texttt{ddigmm067}, so the pri...
] [60pdfTeX warning (ext4): destination with the same identifier (name{figure.5
.4}) has been already used, duplicate ignored
<argument> ...shipout:D \box_use:N \l_shipout_box 
                                                  
l.1550   T
          here is no measurement for David on \texttt{ddigmm067}, so the pri...
 <./dbook1_files/figure-latex/davidplot-1.pdf>] [61] [62] [63] [64] [65] [66] [
67] [68

]
Chapter 6.
[69]
<dbook1_files/figure-latex/ploticc-1.pdf, id=1271, 499.8675pt x 496.85625pt>
File: dbook1_files/figure-latex/ploticc-1.pdf Graphic file (type pdf)
<use dbook1_files/figure-latex/ploticc-1.pdf>
Package pdftex.def Info: dbook1_files/figure-latex/ploticc-1.pdf  used on input
 line 1839.
(pdftex.def)             Requested size: 345.0081pt x 342.92973pt.
[70pdfTeX warning (ext4): destination with the same identifier (name{figure.6.1
}) has been already used, duplicate ignored
<argument> ...shipout:D \box_use:N \l_shipout_box 
                                                  
l.1849 
        <./dbook1_files/figure-latex/ploticc-1.pdf>]
<dbook1_files/figure-latex/plothyp1-1.pdf, id=1288, 499.8675pt x 785.93625pt>
File: dbook1_files/figure-latex/plothyp1-1.pdf Graphic file (type pdf)
<use dbook1_files/figure-latex/plothyp1-1.pdf>
Package pdftex.def Info: dbook1_files/figure-latex/plothyp1-1.pdf  used on inpu
t line 1857.
(pdftex.def)             Requested size: 345.0081pt x 542.4525pt.

LaTeX Warning: Float too large for page by 16.39693pt on input line 1862.

<dbook1_files/figure-latex/plothyp2-1.pdf, id=1291, 499.8675pt x 496.85625pt>
File: dbook1_files/figure-latex/plothyp2-1.pdf Graphic file (type pdf)
<use dbook1_files/figure-latex/plothyp2-1.pdf>
Package pdftex.def Info: dbook1_files/figure-latex/plothyp2-1.pdf  used on inpu
t line 1875.
(pdftex.def)             Requested size: 345.0081pt x 342.92973pt.
[71] [72pdfTeX warning (ext4): destination with the same identifier (name{figur
e.6.2}) has been already used, duplicate ignored
<argument> ...shipout:D \box_use:N \l_shipout_box 
                                                  
l.1895 T
        he \emph{standardized residual} \(z_{ni}\) is the difference between...
 <./dbook1_files/figure-latex/plothyp1-1.pdf>] [73pdfTeX warning (ext4): destin
ation with the same identifier (name{figure.6.3}) has been already used, duplic
ate ignored
<argument> ...shipout:D \box_use:N \l_shipout_box 
                                                  
l.1895 T
        he \emph{standardized residual} \(z_{ni}\) is the difference between...
 <./dbook1_files/figure-latex/plothyp2-1.pdf>] [74]
<dbook1_files/figure-latex/fitplot-1.pdf, id=1341, 477.785pt x 215.80624pt>
File: dbook1_files/figure-latex/fitplot-1.pdf Graphic file (type pdf)
<use dbook1_files/figure-latex/fitplot-1.pdf>
Package pdftex.def Info: dbook1_files/figure-latex/fitplot-1.pdf  used on input
 line 1931.
(pdftex.def)             Requested size: 344.99643pt x 155.8282pt.

Underfull \vbox (badness 1331) has occurred while \output is active []

[75pdfTeX warning (ext4): destination with the same identifier (name{figure.6.4
}) has been already used, duplicate ignored
<argument> ...shipout:D \box_use:N \l_shipout_box 
                                                  
l.1951 
        <./dbook1_files/figure-latex/fitplot-1.pdf>]
<dbook1_files/figure-latex/personfitplot-1.pdf, id=1360, 475.7775pt x 209.78375
pt>
File: dbook1_files/figure-latex/personfitplot-1.pdf Graphic file (type pdf)
<use dbook1_files/figure-latex/personfitplot-1.pdf>
Package pdftex.def Info: dbook1_files/figure-latex/personfitplot-1.pdf  used on
 input line 1967.
(pdftex.def)             Requested size: 345.01332pt x 152.12611pt.
[76pdfTeX warning (ext4): destination with the same identifier (name{figure.6.5
}) has been already used, duplicate ignored
<argument> ...shipout:D \box_use:N \l_shipout_box 
                                                  
l.1979 ... item functioning (DIF)}\label{sec:dif}}
                                                   <./dbook1_files/figure-latex
/personfitplot-1.pdf>]
<dbook1_files/figure-latex/plotdif1-1.pdf, id=1380, 499.8675pt x 496.85625pt>
File: dbook1_files/figure-latex/plotdif1-1.pdf Graphic file (type pdf)
<use dbook1_files/figure-latex/plotdif1-1.pdf>
Package pdftex.def Info: dbook1_files/figure-latex/plotdif1-1.pdf  used on inpu
t line 2013.
(pdftex.def)             Requested size: 345.0081pt x 342.92973pt.
[77]
<dbook1_files/figure-latex/plotdif2-1.pdf, id=1394, 499.8675pt x 496.85625pt>
File: dbook1_files/figure-latex/plotdif2-1.pdf Graphic file (type pdf)
<use dbook1_files/figure-latex/plotdif2-1.pdf>
Package pdftex.def Info: dbook1_files/figure-latex/plotdif2-1.pdf  used on inpu
t line 2026.
(pdftex.def)             Requested size: 345.0081pt x 342.92973pt.
[78pdfTeX warning (ext4): destination with the same identifier (name{figure.6.6
}) has been already used, duplicate ignored
<argument> ...shipout:D \box_use:N \l_shipout_box 
                                                  
l.2038 
        <./dbook1_files/figure-latex/plotdif1-1.pdf>] [79pdfTeX warning (ext4):
 destination with the same identifier (name{figure.6.7}) has been already used,
 duplicate ignored
<argument> ...shipout:D \box_use:N \l_shipout_box 
                                                  
l.2038 
        <./dbook1_files/figure-latex/plotdif2-1.pdf>]
<dbook1_files/figure-latex/iic-1.pdf, id=1424, 499.8675pt x 271.0125pt>
File: dbook1_files/figure-latex/iic-1.pdf Graphic file (type pdf)
<use dbook1_files/figure-latex/iic-1.pdf>
Package pdftex.def Info: dbook1_files/figure-latex/iic-1.pdf  used on input lin
e 2057.
(pdftex.def)             Requested size: 345.0081pt x 187.05257pt.
<dbook1_files/figure-latex/iia-1.pdf, id=1426, 499.8675pt x 271.0125pt>
File: dbook1_files/figure-latex/iia-1.pdf Graphic file (type pdf)
<use dbook1_files/figure-latex/iia-1.pdf>
Package pdftex.def Info: dbook1_files/figure-latex/iia-1.pdf  used on input lin
e 2083.
(pdftex.def)             Requested size: 345.0081pt x 187.05257pt.
[80]
Underfull \vbox (badness 4467) has occurred while \output is active []

[81pdfTeX warning (ext4): destination with the same identifier (name{figure.6.8
}) has been already used, duplicate ignored
<argument> ...shipout:D \box_use:N \l_shipout_box 
                                                  
l.2102 
        <./dbook1_files/figure-latex/iic-1.pdf>] [82pdfTeX warning (ext4): dest
ination with the same identifier (name{figure.6.9}) has been already used, dupl
icate ignored
<argument> ...shipout:D \box_use:N \l_shipout_box 
                                                  
l.2114 
        <./dbook1_files/figure-latex/iia-1.pdf>] [83] [84

]
Chapter 7.
<dbook1_files/figure-latex/plotcontent-1.pdf, id=1478, 499.8675pt x 207.77625pt
>
File: dbook1_files/figure-latex/plotcontent-1.pdf Graphic file (type pdf)
<use dbook1_files/figure-latex/plotcontent-1.pdf>
Package pdftex.def Info: dbook1_files/figure-latex/plotcontent-1.pdf  used on i
nput line 2142.
(pdftex.def)             Requested size: 345.0081pt x 143.40697pt.
[85]
<dbook1_files/figure-latex/plotdomainfit-1.pdf, id=1492, 493.845pt x 421.575pt>

File: dbook1_files/figure-latex/plotdomainfit-1.pdf Graphic file (type pdf)
<use dbook1_files/figure-latex/plotdomainfit-1.pdf>
Package pdftex.def Info: dbook1_files/figure-latex/plotdomainfit-1.pdf  used on
 input line 2160.
(pdftex.def)             Requested size: 344.99586pt x 294.50867pt.
[86pdfTeX warning (ext4): destination with the same identifier (name{figure.7.1
}) has been already used, duplicate ignored
<argument> ...shipout:D \box_use:N \l_shipout_box 
                                                  
l.2185 
        <./dbook1_files/figure-latex/plotcontent-1.pdf>] [87pdfTeX warning (ext
4): destination with the same identifier (name{figure.7.2}) has been already us
ed, duplicate ignored
<argument> ...shipout:D \box_use:N \l_shipout_box 
                                                  
l.2185 
        <./dbook1_files/figure-latex/plotdomainfit-1.pdf>]
<dbook1_files/figure-latex/plotconcurrent-1.pdf, id=1524, 499.8675pt x 421.575p
t>
File: dbook1_files/figure-latex/plotconcurrent-1.pdf Graphic file (type pdf)
<use dbook1_files/figure-latex/plotconcurrent-1.pdf>
Package pdftex.def Info: dbook1_files/figure-latex/plotconcurrent-1.pdf  used o
n input line 2190.
(pdftex.def)             Requested size: 345.0081pt x 290.97067pt.

Underfull \vbox (badness 7064) has occurred while \output is active []

[88pdfTeX warning (ext4): destination with the same identifier (name{figure.7.3
}) has been already used, duplicate ignored
<argument> ...shipout:D \box_use:N \l_shipout_box 
                                                  
l.2207 
        <./dbook1_files/figure-latex/plotconcurrent-1.pdf>] [89] [90

]
Chapter 8.
<dbook1_files/figure-latex/ageitemgrid-1.pdf, id=1558, 495.8525pt x 713.66624pt
>
File: dbook1_files/figure-latex/ageitemgrid-1.pdf Graphic file (type pdf)
<use dbook1_files/figure-latex/ageitemgrid-1.pdf>
Package pdftex.def Info: dbook1_files/figure-latex/ageitemgrid-1.pdf  used on i
nput line 2260.
(pdftex.def)             Requested size: 344.99858pt x 496.54652pt.
[91] [92pdfTeX warning (ext4): destination with the same identifier (name{figur
e.8.1}) has been already used, duplicate ignored
<argument> ...shipout:D \box_use:N \l_shipout_box 
                                                  
l.2275 ...n{Milestone sets}\label{milestone-sets}}
                                                   <./dbook1_files/figure-latex
/ageitemgrid-1.pdf>]
<dbook1_files/figure-latex/month2d-1.pdf, id=1582, 495.8525pt x 269.005pt>
File: dbook1_files/figure-latex/month2d-1.pdf Graphic file (type pdf)
<use dbook1_files/figure-latex/month2d-1.pdf>
Package pdftex.def Info: dbook1_files/figure-latex/month2d-1.pdf  used on input
 line 2308.
(pdftex.def)             Requested size: 344.99858pt x 187.1652pt.
[93pdfTeX warning (ext4): destination with the same identifier (name{table.8.1}
) has been already used, duplicate ignored
<argument> ...shipout:D \box_use:N \l_shipout_box 
                                                  
l.2319 A
        t month two there are just two standard milestones: \texttt{ddicmm03...
] [94pdfTeX warning (ext4): destination with the same identifier (name{figure.8
.2}) has been already used, duplicate ignored
<argument> ...shipout:D \box_use:N \l_shipout_box 
                                                  
l.2325 N
        ote that the range of the estimated D-scores is quite similar in bot...
 <./dbook1_files/figure-latex/month2d-1.pdf>]
<dbook1_files/figure-latex/month3d-1.pdf, id=1608, 495.8525pt x 269.005pt>
File: dbook1_files/figure-latex/month3d-1.pdf Graphic file (type pdf)
<use dbook1_files/figure-latex/month3d-1.pdf>
Package pdftex.def Info: dbook1_files/figure-latex/month3d-1.pdf  used on input
 line 2334.
(pdftex.def)             Requested size: 344.99858pt x 187.1652pt.
<dbook1_files/figure-latex/alld-1.pdf, id=1612, 712.6625pt x 280.04625pt>
File: dbook1_files/figure-latex/alld-1.pdf Graphic file (type pdf)
<use dbook1_files/figure-latex/alld-1.pdf>
Package pdftex.def Info: dbook1_files/figure-latex/alld-1.pdf  used on input li
ne 2352.
(pdftex.def)             Requested size: 344.99931pt x 135.57014pt.

Underfull \vbox (badness 1721) has occurred while \output is active []

[95pdfTeX warning (ext4): destination with the same identifier (name{figure.8.3
}) has been already used, duplicate ignored
<argument> ...shipout:D \box_use:N \l_shipout_box 
                                                  
l.2365   \emph
              {Ceiling effect}: The ceiling effect (green) is most prominent...
 <./dbook1_files/figure-latex/month3d-1.pdf>] [96pdfTeX warning (ext4): destina
tion with the same identifier (name{figure.8.4}) has been already used, duplica
te ignored
<argument> ...shipout:D \box_use:N \l_shipout_box 
                                                  
l.2381 
        <./dbook1_files/figure-latex/alld-1.pdf>]
<dbook1_files/figure-latex/histiq-1.pdf, id=1650, 495.8525pt x 277.035pt>
File: dbook1_files/figure-latex/histiq-1.pdf Graphic file (type pdf)
<use dbook1_files/figure-latex/histiq-1.pdf>
Package pdftex.def Info: dbook1_files/figure-latex/histiq-1.pdf  used on input 
line 2407.
(pdftex.def)             Requested size: 344.99858pt x 192.75223pt.
<dbook1_files/figure-latex/plotdiq-1.pdf, id=1652, 495.8525pt x 1144.275pt>
File: dbook1_files/figure-latex/plotdiq-1.pdf Graphic file (type pdf)
<use dbook1_files/figure-latex/plotdiq-1.pdf>
Package pdftex.def Info: dbook1_files/figure-latex/plotdiq-1.pdf  used on input
 line 2420.
(pdftex.def)             Requested size: 238.33183pt x 549.99655pt.

LaTeX Warning: Float too large for page by 36.49655pt on input line 2425.

[97] [98pdfTeX warning (ext4): destination with the same identifier (name{figur
e.8.5}) has been already used, duplicate ignored
<argument> ...shipout:D \box_use:N \l_shipout_box 
                                                  
l.2458 ...r{Three studies}\label{ch:threestudies}}
                                                  pdfTeX warning (ext4): destin
ation with the same identifier (name{table.8.2}) has been already used, duplica
te ignored
<argument> ...shipout:D \box_use:N \l_shipout_box 
                                                  
l.2458 ...r{Three studies}\label{ch:threestudies}}
                                                   <./dbook1_files/figure-latex
/histiq-1.pdf>] [99pdfTeX warning (ext4): destination with the same identifier 
(name{figure.8.6}) has been already used, duplicate ignored
<argument> ...shipout:D \box_use:N \l_shipout_box 
                                                  
l.2458 ...r{Three studies}\label{ch:threestudies}}
                                                   <./dbook1_files/figure-latex
/plotdiq-1.pdf>] [100]
Chapter 9.
<dbook1_files/figure-latex/smoccda9-1.pdf, id=1704, 495.8525pt x 858.20625pt>
File: dbook1_files/figure-latex/smoccda9-1.pdf Graphic file (type pdf)
<use dbook1_files/figure-latex/smoccda9-1.pdf>
Package pdftex.def Info: dbook1_files/figure-latex/smoccda9-1.pdf  used on inpu
t line 2481.
(pdftex.def)             Requested size: 317.78334pt x 550.00966pt.

LaTeX Warning: Float too large for page by 36.50966pt on input line 2486.

<dbook1_files/figure-latex/popsda9-1.pdf, id=1706, 495.8525pt x 858.20625pt>
File: dbook1_files/figure-latex/popsda9-1.pdf Graphic file (type pdf)
<use dbook1_files/figure-latex/popsda9-1.pdf>
Package pdftex.def Info: dbook1_files/figure-latex/popsda9-1.pdf  used on input
 line 2499.
(pdftex.def)             Requested size: 317.78334pt x 550.00966pt.

LaTeX Warning: Float too large for page by 48.50966pt on input line 2504.

[101

] [102pdfTeX warning (ext4): destination with the same identifier (name{figure.
9.1}) has been already used, duplicate ignored
<argument> ...shipout:D \box_use:N \l_shipout_box 
                                                  
l.2511 
        <./dbook1_files/figure-latex/smoccda9-1.pdf>] [103pdfTeX warning (ext4)
: destination with the same identifier (name{figure.9.2}) has been already used
, duplicate ignored
<argument> ...shipout:D \box_use:N \l_shipout_box 
                                                  
l.2511 
        <./dbook1_files/figure-latex/popsda9-1.pdf>] [104]
<dbook1_files/figure-latex/adjustd-1.pdf, id=1763, 353.32pt x 352.31625pt>
File: dbook1_files/figure-latex/adjustd-1.pdf Graphic file (type pdf)
<use dbook1_files/figure-latex/adjustd-1.pdf>
Package pdftex.def Info: dbook1_files/figure-latex/adjustd-1.pdf  used on input
 line 2550.
(pdftex.def)             Requested size: 345.00586pt x 344.02573pt.
[105pdfTeX warning (ext4): destination with the same identifier (name{figure.9.
3}) has been already used, duplicate ignored
<argument> ...shipout:D \box_use:N \l_shipout_box 
                                                  
l.2562 
        <./dbook1_files/figure-latex/adjustd-1.pdf>]
<dbook1_files/figure-latex/popsda90-1.pdf, id=1781, 495.8525pt x 858.20625pt>
File: dbook1_files/figure-latex/popsda90-1.pdf Graphic file (type pdf)
<use dbook1_files/figure-latex/popsda90-1.pdf>
Package pdftex.def Info: dbook1_files/figure-latex/popsda90-1.pdf  used on inpu
t line 2568.
(pdftex.def)             Requested size: 317.78334pt x 550.00966pt.

LaTeX Warning: Float too large for page by 36.50966pt on input line 2573.

<dbook1_files/figure-latex/popsda91-1.pdf, id=1783, 495.8525pt x 858.20625pt>
File: dbook1_files/figure-latex/popsda91-1.pdf Graphic file (type pdf)
<use dbook1_files/figure-latex/popsda91-1.pdf>
Package pdftex.def Info: dbook1_files/figure-latex/popsda91-1.pdf  used on inpu
t line 2584.
(pdftex.def)             Requested size: 317.78334pt x 550.00966pt.

LaTeX Warning: Float too large for page by 36.50966pt on input line 2589.

[106] [107pdfTeX warning (ext4): destination with the same identifier (name{fig
ure.9.4}) has been already used, duplicate ignored
<argument> ...shipout:D \box_use:N \l_shipout_box 
                                                  
l.2630   F
          ewer preterm children reached the milestones when chronological ag...
 <./dbook1_files/figure-latex/popsda90-1.pdf>] [108pdfTeX warning (ext4): desti
nation with the same identifier (name{figure.9.5}) has been already used, dupli
cate ignored
<argument> ...shipout:D \box_use:N \l_shipout_box 
                                                  
l.2630   F
          ewer preterm children reached the milestones when chronological ag...
 <./dbook1_files/figure-latex/popsda91-1.pdf>]
<dbook1_files/figure-latex/togoda-1.pdf, id=1836, 495.8525pt x 858.20625pt>
File: dbook1_files/figure-latex/togoda-1.pdf Graphic file (type pdf)
<use dbook1_files/figure-latex/togoda-1.pdf>
Package pdftex.def Info: dbook1_files/figure-latex/togoda-1.pdf  used on input 
line 2646.
(pdftex.def)             Requested size: 317.78334pt x 550.00966pt.

LaTeX Warning: Float too large for page by 36.50966pt on input line 2651.

[109pdfTeX warning (ext4): destination with the same identifier (name{table.9.1
}) has been already used, duplicate ignored
<argument> ...shipout:D \box_use:N \l_shipout_box 
                                                  
l.2661   \emph
              {Expansion at the lower end}: There is a considerable variatio...
] [110pdfTeX warning (ext4): destination with the same identifier (name{figure.
9.6}) has been already used, duplicate ignored
<argument> ...shipout:D \box_use:N \l_shipout_box 
                                                  
l.2661   \emph
              {Expansion at the lower end}: There is a considerable variatio...
 <./dbook1_files/figure-latex/togoda-1.pdf>]
<fig/data_assistents.png, id=1866, 486.81876pt x 684.5575pt>
File: fig/data_assistents.png Graphic file (type png)
<use fig/data_assistents.png>
Package pdftex.def Info: fig/data_assistents.png  used on input line 2679.
(pdftex.def)             Requested size: 207.00294pt x 291.08453pt.
<dbook1_files/figure-latex/togoda1-1.pdf, id=1869, 495.8525pt x 424.58624pt>
File: dbook1_files/figure-latex/togoda1-1.pdf Graphic file (type pdf)
<use dbook1_files/figure-latex/togoda1-1.pdf>
Package pdftex.def Info: dbook1_files/figure-latex/togoda1-1.pdf  used on input
 line 2695.
(pdftex.def)             Requested size: 344.99858pt x 295.41376pt.
[111] [112pdfTeX warning (ext4): destination with the same identifier (name{fig
ure.9.7}) has been already used, duplicate ignored
<argument> ...shipout:D \box_use:N \l_shipout_box 
                                                  
l.2700 \end{figure}
                    <./fig/data_assistents.png>]
<dbook1_files/figure-latex/togoda2-1.pdf, id=1885, 495.8525pt x 424.58624pt>
File: dbook1_files/figure-latex/togoda2-1.pdf Graphic file (type pdf)
<use dbook1_files/figure-latex/togoda2-1.pdf>
Package pdftex.def Info: dbook1_files/figure-latex/togoda2-1.pdf  used on input
 line 2713.
(pdftex.def)             Requested size: 344.99858pt x 295.41376pt.
<dbook1_files/figure-latex/togoda3-1.pdf, id=1887, 495.8525pt x 424.58624pt>
File: dbook1_files/figure-latex/togoda3-1.pdf Graphic file (type pdf)
<use dbook1_files/figure-latex/togoda3-1.pdf>
Package pdftex.def Info: dbook1_files/figure-latex/togoda3-1.pdf  used on input
 line 2729.
(pdftex.def)             Requested size: 344.99858pt x 295.41376pt.
[113pdfTeX warning (ext4): destination with the same identifier (name{figure.9.
8}) has been already used, duplicate ignored
<argument> ...shipout:D \box_use:N \l_shipout_box 
                                                  
l.2734 \end{figure}
                    <./dbook1_files/figure-latex/togoda1-1.pdf>] [114pdfTeX war
ning (ext4): destination with the same identifier (name{figure.9.9}) has been a
lready used, duplicate ignored
<argument> ...shipout:D \box_use:N \l_shipout_box 
                                                  
l.2734 \end{figure}
                    <./dbook1_files/figure-latex/togoda2-1.pdf>]
<dbook1_files/figure-latex/togoda4-1.pdf, id=1929, 495.8525pt x 424.58624pt>
File: dbook1_files/figure-latex/togoda4-1.pdf Graphic file (type pdf)
<use dbook1_files/figure-latex/togoda4-1.pdf>
Package pdftex.def Info: dbook1_files/figure-latex/togoda4-1.pdf  used on input
 line 2745.
(pdftex.def)             Requested size: 344.99858pt x 295.41376pt.
<dbook1_files/figure-latex/grossmotor-1.pdf, id=1934, 499.8675pt x 858.20625pt>

File: dbook1_files/figure-latex/grossmotor-1.pdf Graphic file (type pdf)
<use dbook1_files/figure-latex/grossmotor-1.pdf>
Package pdftex.def Info: dbook1_files/figure-latex/grossmotor-1.pdf  used on in
put line 2763.
(pdftex.def)             Requested size: 320.35649pt x 550.00966pt.

LaTeX Warning: Float too large for page by 36.50966pt on input line 2768.

[115pdfTeX warning (ext4): destination with the same identifier (name{figure.9.
10}) has been already used, duplicate ignored
<argument> ...shipout:D \box_use:N \l_shipout_box 
                                                  
l.2768 \end{figure}
                    <./dbook1_files/figure-latex/togoda3-1.pdf>] [116pdfTeX war
ning (ext4): destination with the same identifier (name{figure.9.11}) has been 
already used, duplicate ignored
<argument> ...shipout:D \box_use:N \l_shipout_box 
                                                  
l.2768 \end{figure}
                    <./dbook1_files/figure-latex/togoda4-1.pdf>]
<dbook1_files/figure-latex/finemotor-1.pdf, id=1979, 499.8675pt x 858.20625pt>
File: dbook1_files/figure-latex/finemotor-1.pdf Graphic file (type pdf)
<use dbook1_files/figure-latex/finemotor-1.pdf>
Package pdftex.def Info: dbook1_files/figure-latex/finemotor-1.pdf  used on inp
ut line 2781.
(pdftex.def)             Requested size: 320.35649pt x 550.00966pt.

LaTeX Warning: Float too large for page by 36.50966pt on input line 2786.

<dbook1_files/figure-latex/commun-1.pdf, id=1981, 499.8675pt x 858.20625pt>
File: dbook1_files/figure-latex/commun-1.pdf Graphic file (type pdf)
<use dbook1_files/figure-latex/commun-1.pdf>
Package pdftex.def Info: dbook1_files/figure-latex/commun-1.pdf  used on input 
line 2797.
(pdftex.def)             Requested size: 320.35649pt x 550.00966pt.

LaTeX Warning: Float too large for page by 36.50966pt on input line 2802.

[117] [118pdfTeX warning (ext4): destination with the same identifier (name{fig
ure.9.12}) has been already used, duplicate ignored
<argument> ...shipout:D \box_use:N \l_shipout_box 
                                                  
l.2825   A
           relatively small subset of children born in Togo had extremely lo...
 <./dbook1_files/figure-latex/grossmotor-1.pdf>] [119pdfTeX warning (ext4): des
tination with the same identifier (name{figure.9.13}) has been already used, du
plicate ignored
<argument> ...shipout:D \box_use:N \l_shipout_box 
                                                  
l.2825   A
           relatively small subset of children born in Togo had extremely lo...
 <./dbook1_files/figure-latex/finemotor-1.pdf>] [120pdfTeX warning (ext4): dest
ination with the same identifier (name{figure.9.14}) has been already used, dup
licate ignored
<argument> ...shipout:D \box_use:N \l_shipout_box 
                                                  
l.2825   A
           relatively small subset of children born in Togo had extremely lo...
 <./dbook1_files/figure-latex/commun-1.pdf>] [121] [122

]
Chapter 10.
[123]
<dbook1_files/figure-latex/dchart-1.pdf, id=2061, 495.8525pt x 424.58624pt>
File: dbook1_files/figure-latex/dchart-1.pdf Graphic file (type pdf)
<use dbook1_files/figure-latex/dchart-1.pdf>
Package pdftex.def Info: dbook1_files/figure-latex/dchart-1.pdf  used on input 
line 2901.
(pdftex.def)             Requested size: 344.99858pt x 295.41376pt.
[124] [125pdfTeX warning (ext4): destination with the same identifier (name{fig
ure.10.1}) has been already used, duplicate ignored
<argument> ...shipout:D \box_use:N \l_shipout_box 
                                                  
l.2918 
        <./dbook1_files/figure-latex/dchart-1.pdf>] [126] [127] [128]
Appendix A.

Overfull \hbox (21.2732pt too wide) in alignment at lines 2977--2989
 [] [] [] [] 
 []


Overfull \hbox (7.71472pt too wide) in paragraph at lines 3004--3005
[]\T1/lmr/m/n/10 Difficulty|  
 []


Overfull \hbox (16.35364pt too wide) in paragraph at lines 3013--3014
[]\T1/lmr/m/n/10 Probability|  
 []


Overfull \hbox (7.71472pt too wide) in paragraph at lines 3031--3032
[]\T1/lmr/m/n/10 Difficulty|  
 []


Overfull \hbox (16.35364pt too wide) in paragraph at lines 3040--3041
[]\T1/lmr/m/n/10 Probability|  
 []


Overfull \hbox (5.10359pt too wide) in paragraph at lines 3058--3059
[]\T1/lmr/m/n/10 Variance|  
 []


Overfull \hbox (4.7145pt too wide) in paragraph at lines 3067--3068
[]\T1/lmr/m/n/10 Residual|  
 []


Overfull \hbox (16.35364pt too wide) in paragraph at lines 3094--3095
[]\T1/lmr/m/n/10 Probability|  
 []


Overfull \hbox (18.99191pt too wide) in paragraph at lines 3103--3104
[]\T1/lmr/m/n/10 Information|  
 []


Overfull \hbox (12.43698pt too wide) in paragraph at lines 3112--3113
[]\T1/lmr/m/n/10 Reliability|  
 []


Overfull \hbox (12.43698pt too wide) in paragraph at lines 3121--3122
[]\T1/lmr/m/n/10 Reliability|  
 []


Overfull \hbox (5.10359pt too wide) in paragraph at lines 3130--3131
[]\T1/lmr/m/n/10 Variance|  
 []


Overfull \hbox (5.10359pt too wide) in paragraph at lines 3139--3140
[]\T1/lmr/m/n/10 Variance|  
 []


Overfull \hbox (5.10359pt too wide) in paragraph at lines 3148--3149
[]\T1/lmr/m/n/10 Variance|  
 []


Overfull \hbox (21.2732pt too wide) in alignment at lines 2989--3162
 [] [] [] [] 
 []

[129

] [130]
Appendix B.

Overfull \hbox (80.24876pt too wide) in paragraph at lines 3209--3209
[]\T1/lmtt/m/n/10 BLAS:   /Library/Frameworks/R.framework/Versions/4.0/Resource
s/lib/libRblas.dylib[] 
 []


Overfull \hbox (90.74873pt too wide) in paragraph at lines 3209--3209
[]\T1/lmtt/m/n/10 LAPACK: /Library/Frameworks/R.framework/Versions/4.0/Resource
s/lib/libRlapack.dylib[] 
 []


Overfull \hbox (11.99896pt too wide) in paragraph at lines 3209--3209
[]\T1/lmtt/m/n/10 [1] stats     graphics  grDevices utils     datasets  methods
   base[] 
 []


Overfull \hbox (32.9989pt too wide) in paragraph at lines 3209--3209
[] \T1/lmtt/m/n/10 [1] httr_1.4.2        jsonlite_1.7.2    viridisLite_0.3.0 sp
lines_4.0.3[] 
 []


Overfull \hbox (17.24895pt too wide) in paragraph at lines 3209--3209
[] \T1/lmtt/m/n/10 [5] gtools_3.8.2      shiny_1.6.0       assertthat_0.2.1  CD
M_7.5-15[] 
 []


Overfull \hbox (43.49887pt too wide) in paragraph at lines 3209--3209
[] \T1/lmtt/m/n/10 [9] yaml_2.2.1        gamlss_5.2-0      pillar_1.4.7      la
ttice_0.20-41[] 
 []


Overfull \hbox (22.49893pt too wide) in paragraph at lines 3209--3209
[]\T1/lmtt/m/n/10 [13] glue_1.4.2        digest_0.6.27     promises_1.2.0.1  rv
est_0.3.6[] 
 []


Overfull \hbox (32.9989pt too wide) in paragraph at lines 3209--3209
[]\T1/lmtt/m/n/10 [17] colorspace_2.0-0  httpuv_1.5.5      htmltools_0.5.1.1 Ma
trix_1.2-18[] 
 []


Overfull \hbox (27.74892pt too wide) in paragraph at lines 3209--3209
[]\T1/lmtt/m/n/10 [21] TAM_3.5-19        pkgconfig_2.0.3   bookdown_0.21     xt
able_1.8-4[] 
 []


Overfull \hbox (32.9989pt too wide) in paragraph at lines 3209--3209
[]\T1/lmtt/m/n/10 [25] purrr_0.3.4       mvtnorm_1.1-1     webshot_0.5.2     la
ter_1.1.0.1[] 
 []

[131

]
Overfull \hbox (38.24889pt too wide) in paragraph at lines 3209--3209
[]\T1/lmtt/m/n/10 [29] gamlss.data_5.1-4 tibble_3.0.6      generics_0.1.0    el
lipsis_0.3.1[] 
 []


Overfull \hbox (38.24889pt too wide) in paragraph at lines 3209--3209
[]\T1/lmtt/m/n/10 [33] withr_2.4.1       lazyeval_0.2.2    mime_0.10         su
rvival_3.2-7[] 
 []


Overfull \hbox (27.74892pt too wide) in paragraph at lines 3209--3209
[]\T1/lmtt/m/n/10 [37] magrittr_2.0.1    crayon_1.4.1      evaluate_0.14     nl
me_3.1-152[] 
 []


Overfull \hbox (53.99884pt too wide) in paragraph at lines 3209--3209
[]\T1/lmtt/m/n/10 [41] MASS_7.3-53.1     xml2_1.3.2        tools_4.0.3       da
ta.table_1.13.6[] 
 []


Overfull \hbox (32.9989pt too wide) in paragraph at lines 3209--3209
[]\T1/lmtt/m/n/10 [45] hms_1.0.0         lifecycle_0.2.0   stringr_1.4.0     mu
nsell_0.5.0[] 
 []


Overfull \hbox (17.24895pt too wide) in paragraph at lines 3209--3209
[]\T1/lmtt/m/n/10 [49] gamlss.dist_5.1-7 compiler_4.0.3    rlang_0.4.10      gr
id_4.0.3[] 
 []


Overfull \hbox (32.9989pt too wide) in paragraph at lines 3209--3209
[]\T1/lmtt/m/n/10 [53] polycor_0.7-10    rstudioapi_0.13   htmlwidgets_1.5.3 rm
arkdown_2.6[] 
 []


Overfull \hbox (6.74898pt too wide) in paragraph at lines 3209--3209
[]\T1/lmtt/m/n/10 [57] codetools_0.2-16  gtable_0.3.0      DBI_1.1.1         R6
_2.5.0[] 
 []


Overfull \hbox (17.24895pt too wide) in paragraph at lines 3209--3209
[]\T1/lmtt/m/n/10 [61] fastmap_1.1.0     stringi_1.5.3     parallel_4.0.3    Rc
pp_1.0.6[] 
 []

[132] [133

pdfTeX warning (ext4): destination with the same identifier (name{ref-black2017
}) has been already used, duplicate ignored
<argument> ...shipout:D \box_use:N \l_shipout_box 
                                                  
l.3249 
       ] [134]
Underfull \hbox (badness 2837) in paragraph at lines 3313--3315
\T1/lmr/m/n/10 26 (13): 2629--38. []$https : / / stefvanbuuren . name / publica
tion / 2007 -[] 01 -[]
 []


Underfull \hbox (badness 2837) in paragraph at lines 3316--3318
\T1/lmr/m/n/10 25 (13): 2272--83. []$https : / / stefvanbuuren . name / publica
tion / 2006 -[] 01 -[]
 []

[135] [136] [137] [138] (./dbook1.aux)

LaTeX Warning: There were multiply-defined labels.

Package rerunfilecheck Info: File `dbook1.out' has not changed.
(rerunfilecheck)             Checksum: EBB3246A3072786466FE9D897FBA037A;11888.
 ) 
Here is how much of TeX's memory you used:
 13059 strings out of 481250
 197639 string characters out of 5914717
 606560 words of memory out of 5000000
 29102 multiletter control sequences out of 15000+600000
 468819 words of font info for 74 fonts, out of 8000000 for 9000
 14 hyphenation exceptions out of 8191
 71i,13n,74p,1147b,655s stack positions out of 5000i,500n,10000p,200000b,80000s
{/Users/buurensv/Library/TinyTeX/texmf-dist/fonts/enc/dvips/lm/lm-rm.enc}{/Us
ers/buurensv/Library/TinyTeX/texmf-dist/fonts/enc/dvips/lm/lm-mathex.enc}{/User
s/buurensv/Library/TinyTeX/texmf-dist/fonts/enc/dvips/lm/lm-mathit.enc}{/Users/
buurensv/Library/TinyTeX/texmf-dist/fonts/enc/dvips/lm/lm-mathsy.enc}{/Users/bu
urensv/Library/TinyTeX/texmf-dist/fonts/enc/dvips/lm/lm-ts1.enc}{/Users/buurens
v/Library/TinyTeX/texmf-dist/fonts/enc/dvips/lm/lm-ec.enc}</Users/buurensv/Libr
ary/TinyTeX/texmf-dist/fonts/type1/public/lm/lmbx10.pfb></Users/buurensv/Librar
y/TinyTeX/texmf-dist/fonts/type1/public/lm/lmbx12.pfb></Users/buurensv/Library/
TinyTeX/texmf-dist/fonts/type1/public/lm/lmex10.pfb></Users/buurensv/Library/Ti
nyTeX/texmf-dist/fonts/type1/public/lm/lmmi10.pfb></Users/buurensv/Library/Tiny
TeX/texmf-dist/fonts/type1/public/lm/lmmi12.pfb></Users/buurensv/Library/TinyTe
X/texmf-dist/fonts/type1/public/lm/lmmi5.pfb></Users/buurensv/Library/TinyTeX/t
exmf-dist/fonts/type1/public/lm/lmmi7.pfb></Users/buurensv/Library/TinyTeX/texm
f-dist/fonts/type1/public/lm/lmr10.pfb></Users/buurensv/Library/TinyTeX/texmf-d
ist/fonts/type1/public/lm/lmr12.pfb></Users/buurensv/Library/TinyTeX/texmf-dist
/fonts/type1/public/lm/lmr17.pfb></Users/buurensv/Library/TinyTeX/texmf-dist/fo
nts/type1/public/lm/lmr7.pfb></Users/buurensv/Library/TinyTeX/texmf-dist/fonts/
type1/public/lm/lmri10.pfb></Users/buurensv/Library/TinyTeX/texmf-dist/fonts/ty
pe1/public/lm/lmro10.pfb></Users/buurensv/Library/TinyTeX/texmf-dist/fonts/type
1/public/lm/lmsy10.pfb></Users/buurensv/Library/TinyTeX/texmf-dist/fonts/type1/
public/lm/lmtt10.pfb>
Output written on dbook1.pdf (138 pages, 21204347 bytes).
PDF statistics:
 2390 PDF objects out of 2487 (max. 8388607)
 2054 compressed objects within 21 object streams
 592 named destinations out of 1000 (max. 500000)
 791 words of extra memory for PDF output out of 10000 (max. 10000000)

